{
  "RSpec": {
    "coverage": {
      "/home/simon/Documents/Makers_Academy/Week_04/bookmark_manager/spec/features/adding_tags_spec.rb": [
        1,
        1,
        1,
        1,
        1,
        1,
        1,
        1,
        1,
        null,
        null,
        1,
        1,
        1,
        1,
        1,
        1,
        1,
        1,
        null,
        null
      ],
      "/home/simon/Documents/Makers_Academy/Week_04/bookmark_manager/spec/features/checking_tags_spec.rb": [
        1,
        1,
        1,
        1,
        1,
        1,
        null,
        null,
        1,
        1,
        1,
        1,
        1,
        1,
        null,
        null
      ],
      "/home/simon/Documents/Makers_Academy/Week_04/bookmark_manager/spec/features/creating_links_spec.rb": [
        1,
        1,
        1,
        null,
        1,
        1,
        1,
        1,
        null,
        1,
        1,
        null,
        null,
        null
      ],
      "/home/simon/Documents/Makers_Academy/Week_04/bookmark_manager/spec/features/homepage_test_spec.rb": [
        null,
        null,
        1,
        null,
        1,
        1,
        null,
        1,
        1,
        null,
        1,
        1,
        null,
        null,
        null,
        null
      ],
      "/home/simon/Documents/Makers_Academy/Week_04/bookmark_manager/spec/features/user_management_spec.rb": [
        1,
        null,
        1,
        1,
        2,
        1,
        1,
        null,
        null
      ],
      "/home/simon/Documents/Makers_Academy/Week_04/bookmark_manager/spec/web_helper.rb": [
        1,
        1,
        1,
        1,
        1,
        1,
        null
      ]
    },
    "timestamp": 1494185338
  }
}
